Environment variable "G4FORCE_RUN_MANAGER_TYPE" enabled with value == Serial. Forcing G4RunManager type...

**************************************************************
 Geant4 version Name: geant4-11-04-patch-01 [MT]   (13-March-2026)
                       Copyright : Geant4 Collaboration
                      References : NIM A 506 (2003), 250-303
                                 : IEEE-TNS 53 (2006), 270-278
                                 : NIM A 835 (2016), 186-225
                             WWW : http://geant4.org/
**************************************************************

<<< Geant4 Physics List simulation engine: FTFP_BERT

Visualization Manager instantiating with verbosity "warnings (3)"...
Visualization Manager initialising...
Registering graphics systems...

You have successfully registered the following graphics systems.
Registered graphics systems are:
  ASCIITree (ATree)
  DAWNFILE (DAWNFILE)
  RayTracer (RT)
  VRML2FILE (VRML2FILE)
  gMocrenFile (gMocrenFile)
  TOOLSSG_OFFSCREEN (TSG_OFFSCREEN, TSG_FILE, TSG, OGL)
You may choose a graphics system (driver) with a parameter of
the command "/vis/open" or "/vis/sceneHandler/create",
or you may omit the driver parameter and choose at run time:
- by argument in the construction of G4VisExecutive;
- by environment variable "G4VIS_DEFAULT_DRIVER";
- by entry in "~/.g4session";
- by build flags.
- Note: This feature is not allowed in batch mode.
For further information see "examples/basic/B1/exampleB1.cc"
and "vis.mac".

Registering model factories...

You have successfully registered the following model factories.
Registered model factories:
  generic
  drawByAttribute
  drawByCharge
  drawByOriginVolume
  drawByParticleID
  drawByEncounteredVolume

Registered models:
  None

Registered filter factories:
  attributeFilter
  chargeFilter
  originVolumeFilter
  particleFilter
  encounteredVolumeFilter

Registered filters:
  None

You have successfully registered the following user vis actions.
Run Duration User Vis Actions: none
End of Event User Vis Actions: none
End of Run User Vis Actions: none

Some /vis commands (optionally) take a string to specify colour.
"/vis/list" to see available colours.
The materials defined are :

 G4MaterialTable[ Material:   G4_AIR    density:  1.205 mg/cm3  RadL: 303.921 m    Nucl.Int.Length: 710.095 m  
                       Imean:  85.700 eV   temperature: 293.15 K  pressure:   1.00 atm

   --->  Element: C (C)   Z =  6.0   N =    12   A = 12.011 g/mole
         --->  Isotope:   C12   Z =  6   N =  12   A =  12.00 g/mole   abundance: 98.930 %
         --->  Isotope:   C13   Z =  6   N =  13   A =  13.00 g/mole   abundance:  1.070 %
          ElmMassFraction:   0.01 %  ElmAbundance   0.02 % 

   --->  Element: N (N)   Z =  7.0   N =    14   A = 14.007 g/mole
         --->  Isotope:   N14   Z =  7   N =  14   A =  14.00 g/mole   abundance: 99.632 %
         --->  Isotope:   N15   Z =  7   N =  15   A =  15.00 g/mole   abundance:  0.368 %
          ElmMassFraction:  75.53 %  ElmAbundance  78.44 % 

   --->  Element: O (O)   Z =  8.0   N =    16   A = 15.999 g/mole
         --->  Isotope:   O16   Z =  8   N =  16   A =  15.99 g/mole   abundance: 99.757 %
         --->  Isotope:   O17   Z =  8   N =  17   A =  17.00 g/mole   abundance:  0.038 %
         --->  Isotope:   O18   Z =  8   N =  18   A =  18.00 g/mole   abundance:  0.205 %
          ElmMassFraction:  23.18 %  ElmAbundance  21.07 % 

   --->  Element: Ar (Ar)   Z = 18.0   N =    40   A = 39.948 g/mole
         --->  Isotope:  Ar36   Z = 18   N =  36   A =  35.97 g/mole   abundance:  0.337 %
         --->  Isotope:  Ar38   Z = 18   N =  38   A =  37.96 g/mole   abundance:  0.063 %
         --->  Isotope:  Ar40   Z = 18   N =  40   A =  39.96 g/mole   abundance: 99.600 %
          ElmMassFraction:   1.28 %  ElmAbundance   0.47 % 
,  Material:    G4_Ar    density:  1.662 mg/cm3  RadL: 117.621 m    Nucl.Int.Length: 719.888 m  
                       Imean: 188.000 eV   temperature: 293.15 K  pressure:   1.00 atm

   --->  Element: Ar (Ar)   Z = 18.0   N =    40   A = 39.948 g/mole
         --->  Isotope:  Ar36   Z = 18   N =  36   A =  35.97 g/mole   abundance:  0.337 %
         --->  Isotope:  Ar38   Z = 18   N =  38   A =  37.96 g/mole   abundance:  0.063 %
         --->  Isotope:  Ar40   Z = 18   N =  40   A =  39.96 g/mole   abundance: 99.600 %
          ElmMassFraction: 100.00 %  ElmAbundance 100.00 % 
,  Material: G4_PLASTIC_SC_VINYLTOLUENE    density:  1.032 g/cm3   RadL:  42.544 cm   Nucl.Int.Length:  69.969 cm 
                       Imean:  64.700 eV   temperature: 293.15 K  pressure:   1.00 atm

   --->  Element: C (C)   Z =  6.0   N =    12   A = 12.011 g/mole
         --->  Isotope:   C12   Z =  6   N =  12   A =  12.00 g/mole   abundance: 98.930 %
         --->  Isotope:   C13   Z =  6   N =  13   A =  13.00 g/mole   abundance:  1.070 %
          ElmMassFraction:  91.47 %  ElmAbundance  47.37 % 

   --->  Element: H (H)   Z =  1.0   N =     1   A =  1.008 g/mole
         --->  Isotope:    H1   Z =  1   N =   1   A =   1.01 g/mole   abundance: 99.989 %
         --->  Isotope:    H2   Z =  1   N =   2   A =   2.01 g/mole   abundance:  0.011 %
          ElmMassFraction:   8.53 %  ElmAbundance  52.63 % 
,  Material: G4_CESIUM_IODIDE    density:  4.510 g/cm3   RadL:   1.860 cm   Nucl.Int.Length:  39.306 cm 
                       Imean: 553.100 eV   temperature: 293.15 K  pressure:   1.00 atm

   --->  Element: Cs (Cs)   Z = 55.0   N =   133   A = 132.905 g/mole
         --->  Isotope: Cs133   Z = 55   N = 133   A = 132.91 g/mole   abundance: 100.000 %
          ElmMassFraction:  51.15 %  ElmAbundance  50.00 % 

   --->  Element: I (I)   Z = 53.0   N =   127   A = 126.904 g/mole
         --->  Isotope:  I127   Z = 53   N = 127   A = 126.90 g/mole   abundance: 100.000 %
          ElmMassFraction:  48.85 %  ElmAbundance  50.00 % 
,  Material:    G4_Pb    density: 11.350 g/cm3   RadL:   5.613 mm   Nucl.Int.Length:  18.248 cm 
                       Imean: 823.000 eV   temperature: 293.15 K  pressure:   1.00 atm

   --->  Element: Pb (Pb)   Z = 82.0   N =   207   A = 207.217 g/mole
         --->  Isotope: Pb204   Z = 82   N = 204   A = 203.97 g/mole   abundance:  1.400 %
         --->  Isotope: Pb206   Z = 82   N = 206   A = 205.97 g/mole   abundance: 24.100 %
         --->  Isotope: Pb207   Z = 82   N = 207   A = 206.98 g/mole   abundance: 22.100 %
         --->  Isotope: Pb208   Z = 82   N = 208   A = 207.98 g/mole   abundance: 52.400 %
          ElmMassFraction: 100.00 %  ElmAbundance 100.00 % 
]
Checking overlaps for volume magneticPhysical:0 (G4Tubs) ... OK! 
Checking overlaps for volume firstArmPhysical:0 (G4Box) ... OK! 
Checking overlaps for volume fSecondArmPhys:0 (G4Box) ... OK! 
Checking overlaps for volume hodoscope1Physical:0 (G4Box) ... OK! 
Checking overlaps for volume hodoscope1Physical:1 (G4Box) ... OK! 
Checking overlaps for volume hodoscope1Physical:2 (G4Box) ... OK! 
Checking overlaps for volume hodoscope1Physical:3 (G4Box) ... OK! 
Checking overlaps for volume hodoscope1Physical:4 (G4Box) ... OK! 
Checking overlaps for volume hodoscope1Physical:5 (G4Box) ... OK! 
Checking overlaps for volume hodoscope1Physical:6 (G4Box) ... OK! 
Checking overlaps for volume hodoscope1Physical:7 (G4Box) ... OK! 
Checking overlaps for volume hodoscope1Physical:8 (G4Box) ... OK! 
Checking overlaps for volume hodoscope1Physical:9 (G4Box) ... OK! 
Checking overlaps for volume hodoscope1Physical:10 (G4Box) ... OK! 
Checking overlaps for volume hodoscope1Physical:11 (G4Box) ... OK! 
Checking overlaps for volume hodoscope1Physical:12 (G4Box) ... OK! 
Checking overlaps for volume hodoscope1Physical:13 (G4Box) ... OK! 
Checking overlaps for volume hodoscope1Physical:14 (G4Box) ... OK! 
Checking overlaps for volume chamber1Physical:0 (G4Box) ... OK! 
Checking overlaps for volume chamber1Physical:1 (G4Box) ... OK! 
Checking overlaps for volume chamber1Physical:2 (G4Box) ... OK! 
Checking overlaps for volume chamber1Physical:3 (G4Box) ... OK! 
Checking overlaps for volume chamber1Physical:4 (G4Box) ... OK! 
Checking overlaps for volume wirePlane1Physical:0 (G4Box) ... OK! 
Checking overlaps for volume hodoscope2Physical:0 (G4Box) ... OK! 
Checking overlaps for volume hodoscope2Physical:1 (G4Box) ... OK! 
Checking overlaps for volume hodoscope2Physical:2 (G4Box) ... OK! 
Checking overlaps for volume hodoscope2Physical:3 (G4Box) ... OK! 
Checking overlaps for volume hodoscope2Physical:4 (G4Box) ... OK! 
Checking overlaps for volume hodoscope2Physical:5 (G4Box) ... OK! 
Checking overlaps for volume hodoscope2Physical:6 (G4Box) ... OK! 
Checking overlaps for volume hodoscope2Physical:7 (G4Box) ... OK! 
Checking overlaps for volume hodoscope2Physical:8 (G4Box) ... OK! 
Checking overlaps for volume hodoscope2Physical:9 (G4Box) ... OK! 
Checking overlaps for volume hodoscope2Physical:10 (G4Box) ... OK! 
Checking overlaps for volume hodoscope2Physical:11 (G4Box) ... OK! 
Checking overlaps for volume hodoscope2Physical:12 (G4Box) ... OK! 
Checking overlaps for volume hodoscope2Physical:13 (G4Box) ... OK! 
Checking overlaps for volume hodoscope2Physical:14 (G4Box) ... OK! 
Checking overlaps for volume hodoscope2Physical:15 (G4Box) ... OK! 
Checking overlaps for volume hodoscope2Physical:16 (G4Box) ... OK! 
Checking overlaps for volume hodoscope2Physical:17 (G4Box) ... OK! 
Checking overlaps for volume hodoscope2Physical:18 (G4Box) ... OK! 
Checking overlaps for volume hodoscope2Physical:19 (G4Box) ... OK! 
Checking overlaps for volume hodoscope2Physical:20 (G4Box) ... OK! 
Checking overlaps for volume hodoscope2Physical:21 (G4Box) ... OK! 
Checking overlaps for volume hodoscope2Physical:22 (G4Box) ... OK! 
Checking overlaps for volume hodoscope2Physical:23 (G4Box) ... OK! 
Checking overlaps for volume hodoscope2Physical:24 (G4Box) ... OK! 
Checking overlaps for volume chamber2Physical:0 (G4Box) ... OK! 
Checking overlaps for volume chamber2Physical:1 (G4Box) ... OK! 
Checking overlaps for volume chamber2Physical:2 (G4Box) ... OK! 
Checking overlaps for volume chamber2Physical:3 (G4Box) ... OK! 
Checking overlaps for volume chamber2Physical:4 (G4Box) ... OK! 
Checking overlaps for volume wirePlane2Physical:0 (G4Box) ... OK! 
Checking overlaps for volume EMcalorimeterPhysical:0 (G4Box) ... OK! 
Checking overlaps for volume HadCalorimeterPhysical:0 (G4Box) ... OK! 
Checking overlaps for volume HadCalScintiPhysical:0 (G4Box) ... OK! 
 G4ChordFinder: stepperDriverId: 2

 hInelastic FTFP_BERT : threshold between BERT and FTFP is over the interval 
 for pions :   3 to 6 GeV
 for kaons :   3 to 6 GeV
 for proton :  3 to 6 GeV
 for neutron : 3 to 6 GeV

### Adding tracking cuts for neutron  TimeCut(ns)= 10000  KinEnergyCut(MeV)= 0
=======================================================================
======                 Electromagnetic Physics Parameters      ========
=======================================================================
LPM effect enabled                                 1
Enable creation and use of sampling tables         0
Apply cuts on all EM processes                     0
Use combined TransportationWithMsc                 Disabled
Use general process                                1
Enable linear polarisation for gamma               0
Enable photoeffect sampling below K-shell          1
Enable sampling of quantum entanglement            0
X-section factor for integral approach             0.8
Min kinetic energy for tables                      100 eV 
Max kinetic energy for tables                      100 TeV
Number of bins per decade of a table               7
Verbose level                                      1
Verbose level for worker thread                    0
Bremsstrahlung energy threshold above which 
  primary e+- is added to the list of secondary    100 TeV
Bremsstrahlung energy threshold above which primary
  muon/hadron is added to the list of secondary    100 TeV
Positron annihilation at rest model                SimplePositronium
Enable 3 gamma annihilation on fly                 0
Lowest triplet kinetic energy                      1 MeV
Enable sampling of gamma linear polarisation       0
5D gamma conversion model type                     0
5D gamma conversion model on isolated ion          0
Use RiGe 5D e+e- pair production model by muons    0
Livermore data directory                           epics_2017
=======================================================================
======                 Ionisation Parameters                   ========
=======================================================================
Step function for e+-                              (0.2, 1 mm)
Step function for muons/hadrons                    (0.2, 0.1 mm)
Step function for light ions                       (0.2, 0.1 mm)
Step function for general ions                     (0.2, 0.1 mm)
Lowest e+e- kinetic energy                         1 keV
Lowest muon/hadron kinetic energy                  1 keV
Use ICRU90 data                                    0
Fluctuations of dE/dx are enabled                  1
Type of fluctuation model for leptons and hadrons  Urban
Use built-in Birks saturation                      0
Build CSDA range enabled                           0
Use cut as a final range enabled                   0
Enable angular generator interface                 0
Max kinetic energy for CSDA tables                 1 GeV
Max kinetic energy for NIEL computation            0 eV 
Linear loss limit                                  0.01
Read data from file for e+e- pair production by mu 0
=======================================================================
======                 Multiple Scattering Parameters          ========
=======================================================================
Type of msc step limit algorithm for e+-           1
Type of msc step limit algorithm for muons/hadrons 0
Msc lateral displacement for e+- enabled           1
Msc lateral displacement for muons and hadrons     0
Urban msc model lateral displacement alg96         1
Range factor for msc step limit for e+-            0.04
Range factor for msc step limit for muons/hadrons  0.2
Geometry factor for msc step limitation of e+-     2.5
Safety factor for msc step limit for e+-           0.6
Skin parameter for msc step limitation of e+-      1
Lambda limit for msc step limit for e+-            1 mm
Use Mott correction for e- scattering              0
Factor used for dynamic computation of angular 
  limit between single and multiple scattering     1
Fixed angular limit between single 
  and multiple scattering                          3.1416 rad
Upper energy limit for e+- multiple scattering     100 MeV
Type of electron single scattering model           0
Type of nuclear form-factor                        1
Screening factor                                   1
=======================================================================

phot:  for gamma SubType=12 BuildTable=0
      LambdaPrime table from 200 keV to 100 TeV in 61 bins 
      ===== EM models for the G4Region  DefaultRegionForTheWorld ======
 LivermorePhElectric : Emin=    0 eV  Emax=  100 TeV  SauterGavrila Fluo

compt:  for gamma SubType=13 BuildTable=1
      Lambda table from 100 eV  to 1 MeV, 7 bins/decade, spline: 1
      LambdaPrime table from 1 MeV to 100 TeV in 56 bins 
      ===== EM models for the G4Region  DefaultRegionForTheWorld ======
       Klein-Nishina : Emin=    0 eV  Emax=  100 TeV

conv:  for gamma SubType=14 BuildTable=1
      Lambda table from 1.022 MeV to 100 TeV, 18 bins/decade, spline: 1
      ===== EM models for the G4Region  DefaultRegionForTheWorld ======
     BetheHeitlerLPM : Emin=    0 eV  Emax=  100 TeV  ModifiedTsai

Rayl:  for gamma SubType=11 BuildTable=1
      Lambda table from 100 eV  to 150 keV, 7 bins/decade, spline: 0
      LambdaPrime table from 150 keV to 100 TeV in 62 bins 
      ===== EM models for the G4Region  DefaultRegionForTheWorld ======
   LivermoreRayleigh : Emin=    0 eV  Emax=  100 TeV  CullenGenerator

msc:  for e-  SubType= 10
      ===== EM models for the G4Region  DefaultRegionForTheWorld ======
            UrbanMsc : Emin=    0 eV  Emax=  100 MeV Nbins=42 100 eV  - 100 MeV
          StepLim=UseSafety Rfact=0.04 Gfact=2.5 Sfact=0.6 DispFlag:1 Skin=1 Llim=1 mm
        WentzelVIUni : Emin=  100 MeV Emax=  100 TeV Nbins=42 100 MeV - 100 TeV
          StepLim=UseSafety Rfact=0.04 Gfact=2.5 Sfact=0.6 DispFlag:1 Skin=1 Llim=1 mm

eIoni:  for e-  XStype:3  SubType=2
      dE/dx and range tables from 100 eV  to 100 TeV in 84 bins
      Lambda tables from threshold to 100 TeV, 7 bins/decade, spline: 1
      StepFunction=(0.2, 1 mm), integ: 3, fluct: 1, linLossLim= 0.01
      ===== EM models for the G4Region  DefaultRegionForTheWorld ======
        MollerBhabha : Emin=    0 eV  Emax=  100 TeV

eBrem:  for e-  XStype:4  SubType=3
      dE/dx and range tables from 100 eV  to 100 TeV in 84 bins
      Lambda tables from threshold to 100 TeV, 7 bins/decade, spline: 1
      LPM flag: 1 for E > 1 GeV,  VertexHighEnergyTh(GeV)= 100000
      ===== EM models for the G4Region  DefaultRegionForTheWorld ======
             eBremSB : Emin=    0 eV  Emax=    1 GeV  ModifiedTsai
            eBremLPM : Emin=    1 GeV Emax=  100 TeV  ModifiedTsai

CoulombScat:  for e- XStype:1 SubType=1 BuildTable=1
      Lambda table from 100 MeV to 100 TeV, 7 bins/decade, spline: 0
      ThetaMin(p) < Theta(degree) < 180, pLimit(GeV^1)= 0.139531
      ===== EM models for the G4Region  DefaultRegionForTheWorld ======
  eCoulombScattering : Emin=  100 MeV Emax=  100 TeV

msc:  for e+  SubType= 10
      ===== EM models for the G4Region  DefaultRegionForTheWorld ======
            UrbanMsc : Emin=    0 eV  Emax=  100 MeV Nbins=42 100 eV  - 100 MeV
          StepLim=UseSafety Rfact=0.04 Gfact=2.5 Sfact=0.6 DispFlag:1 Skin=1 Llim=1 mm
        WentzelVIUni : Emin=  100 MeV Emax=  100 TeV Nbins=42 100 MeV - 100 TeV
          StepLim=UseSafety Rfact=0.04 Gfact=2.5 Sfact=0.6 DispFlag:1 Skin=1 Llim=1 mm

eIoni:  for e+  XStype:3  SubType=2
      dE/dx and range tables from 100 eV  to 100 TeV in 84 bins
      Lambda tables from threshold to 100 TeV, 7 bins/decade, spline: 1
      StepFunction=(0.2, 1 mm), integ: 3, fluct: 1, linLossLim= 0.01
      ===== EM models for the G4Region  DefaultRegionForTheWorld ======
        MollerBhabha : Emin=    0 eV  Emax=  100 TeV

eBrem:  for e+  XStype:4  SubType=3
      dE/dx and range tables from 100 eV  to 100 TeV in 84 bins
      Lambda tables from threshold to 100 TeV, 7 bins/decade, spline: 1
      LPM flag: 1 for E > 1 GeV,  VertexHighEnergyTh(GeV)= 100000
      ===== EM models for the G4Region  DefaultRegionForTheWorld ======
             eBremSB : Emin=    0 eV  Emax=    1 GeV  ModifiedTsai
            eBremLPM : Emin=    1 GeV Emax=  100 TeV  ModifiedTsai

annihil:  for e+ XStype:2 SubType=5 AtRestModel:Simple BuildTable=0
      ===== EM models for the G4Region  DefaultRegionForTheWorld ======
            eplus2gg : Emin=    0 eV  Emax=  100 TeV

CoulombScat:  for e+ XStype:1 SubType=1 BuildTable=1
      Lambda table from 100 MeV to 100 TeV, 7 bins/decade, spline: 0
      ThetaMin(p) < Theta(degree) < 180, pLimit(GeV^1)= 0.139531
      ===== EM models for the G4Region  DefaultRegionForTheWorld ======
  eCoulombScattering : Emin=  100 MeV Emax=  100 TeV

msc:  for proton  SubType= 10
      ===== EM models for the G4Region  DefaultRegionForTheWorld ======
        WentzelVIUni : Emin=    0 eV  Emax=  100 TeV Nbins=84 100 eV  - 100 TeV
          StepLim=Minimal Rfact=0.2 Gfact=2.5 Sfact=0.6 DispFlag:0 Skin=1 Llim=1 mm

hIoni:  for proton  XStype:3  SubType=2
      dE/dx and range tables from 100 eV  to 100 TeV in 84 bins
      Lambda tables from threshold to 100 TeV, 7 bins/decade, spline: 1
      StepFunction=(0.2, 0.1 mm), integ: 3, fluct: 1, linLossLim= 0.01
      ===== EM models for the G4Region  DefaultRegionForTheWorld ======
               Bragg : Emin=    0 eV  Emax=    2 MeV
          BetheBloch : Emin=    2 MeV Emax=  100 TeV

hBrems:  for proton  XStype:1  SubType=3
      dE/dx and range tables from 100 eV  to 100 TeV in 84 bins
      Lambda tables from threshold to 100 TeV, 7 bins/decade, spline: 1
      ===== EM models for the G4Region  DefaultRegionForTheWorld ======
               hBrem : Emin=    0 eV  Emax=  100 TeV  ModifiedMephi

hPairProd:  for proton  XStype:1  SubType=4
      dE/dx and range tables from 100 eV  to 100 TeV in 84 bins
      Lambda tables from threshold to 100 TeV, 7 bins/decade, spline: 1
      Sampling table 17x1001, from 7.50618 GeV to 100 TeV 
      ===== EM models for the G4Region  DefaultRegionForTheWorld ======
           hPairProd : Emin=    0 eV  Emax=  100 TeV  ModifiedMephi

CoulombScat:  for proton XStype:1 SubType=1 BuildTable=1
      Lambda table from threshold  to 100 TeV, 7 bins/decade, spline: 0
      ThetaMin(p) < Theta(degree) < 180, pLimit(GeV^1)= 0.139531
      ===== EM models for the G4Region  DefaultRegionForTheWorld ======
  eCoulombScattering : Emin=    0 eV  Emax=  100 TeV

msc:  for GenericIon  SubType= 10
      ===== EM models for the G4Region  DefaultRegionForTheWorld ======
            UrbanMsc : Emin=    0 eV  Emax=  100 TeV
          StepLim=Minimal Rfact=0.2 Gfact=2.5 Sfact=0.6 DispFlag:0 Skin=1 Llim=1 mm

ionIoni:  for GenericIon  XStype:3  SubType=2
      dE/dx and range tables from 100 eV  to 100 TeV in 84 bins
      Lambda tables from threshold to 100 TeV, 7 bins/decade, spline: 1
      StepFunction=(0.2, 0.1 mm), integ: 3, fluct: 1, linLossLim= 0.02
      ===== EM models for the G4Region  DefaultRegionForTheWorld ======
               Bragg : Emin=    0 eV  Emax=    2 MeV
          BetheBloch : Emin=    2 MeV Emax=  100 TeV

msc:  for alpha  SubType= 10
      ===== EM models for the G4Region  DefaultRegionForTheWorld ======
            UrbanMsc : Emin=    0 eV  Emax=  100 TeV
          StepLim=Minimal Rfact=0.2 Gfact=2.5 Sfact=0.6 DispFlag:0 Skin=1 Llim=1 mm

ionIoni:  for alpha  XStype:3  SubType=2
      dE/dx and range tables from 100 eV  to 100 TeV in 84 bins
      Lambda tables from threshold to 100 TeV, 7 bins/decade, spline: 1
      StepFunction=(0.2, 0.1 mm), integ: 3, fluct: 1, linLossLim= 0.02
      ===== EM models for the G4Region  DefaultRegionForTheWorld ======
            BraggIon : Emin=    0 eV  Emax=7.9452 MeV
          BetheBloch : Emin=7.9452 MeV Emax=  100 TeV

msc:  for anti_proton  SubType= 10
      ===== EM models for the G4Region  DefaultRegionForTheWorld ======
        WentzelVIUni : Emin=    0 eV  Emax=  100 TeV Nbins=84 100 eV  - 100 TeV
          StepLim=Minimal Rfact=0.2 Gfact=2.5 Sfact=0.6 DispFlag:0 Skin=1 Llim=1 mm

hIoni:  for anti_proton  XStype:3  SubType=2
      dE/dx and range tables from 100 eV  to 100 TeV in 84 bins
      Lambda tables from threshold to 100 TeV, 7 bins/decade, spline: 1
      StepFunction=(0.2, 0.1 mm), integ: 3, fluct: 1, linLossLim= 0.01
      ===== EM models for the G4Region  DefaultRegionForTheWorld ======
            ICRU73QO : Emin=    0 eV  Emax=    2 MeV
          BetheBloch : Emin=    2 MeV Emax=  100 TeV

hBrems:  for anti_proton  XStype:1  SubType=3
      dE/dx and range tables from 100 eV  to 100 TeV in 84 bins
      Lambda tables from threshold to 100 TeV, 7 bins/decade, spline: 1
      ===== EM models for the G4Region  DefaultRegionForTheWorld ======
               hBrem : Emin=    0 eV  Emax=  100 TeV  ModifiedMephi

hPairProd:  for anti_proton  XStype:1  SubType=4
      dE/dx and range tables from 100 eV  to 100 TeV in 84 bins
      Lambda tables from threshold to 100 TeV, 7 bins/decade, spline: 1
      Sampling table 17x1001, from 7.50618 GeV to 100 TeV 
      ===== EM models for the G4Region  DefaultRegionForTheWorld ======
           hPairProd : Emin=    0 eV  Emax=  100 TeV  ModifiedMephi

CoulombScat:  for anti_proton XStype:1 SubType=1 BuildTable=1
      Lambda table from threshold  to 100 TeV, 7 bins/decade, spline: 0
      ThetaMin(p) < Theta(degree) < 180, pLimit(GeV^1)= 0.139531
      ===== EM models for the G4Region  DefaultRegionForTheWorld ======
  eCoulombScattering : Emin=    0 eV  Emax=  100 TeV

msc:  for kaon+  SubType= 10
      ===== EM models for the G4Region  DefaultRegionForTheWorld ======
        WentzelVIUni : Emin=    0 eV  Emax=  100 TeV Nbins=84 100 eV  - 100 TeV
          StepLim=Minimal Rfact=0.2 Gfact=2.5 Sfact=0.6 DispFlag:0 Skin=1 Llim=1 mm

hIoni:  for kaon+  XStype:3  SubType=2
      dE/dx and range tables from 100 eV  to 100 TeV in 84 bins
      Lambda tables from threshold to 100 TeV, 7 bins/decade, spline: 1
      StepFunction=(0.2, 0.1 mm), integ: 3, fluct: 1, linLossLim= 0.01
      ===== EM models for the G4Region  DefaultRegionForTheWorld ======
               Bragg : Emin=    0 eV  Emax=1.05231 MeV
          BetheBloch : Emin=1.05231 MeV Emax=  100 TeV

hBrems:  for kaon+  XStype:1  SubType=3
      dE/dx and range tables from 100 eV  to 100 TeV in 84 bins
      Lambda tables from threshold to 100 TeV, 7 bins/decade, spline: 1
      ===== EM models for the G4Region  DefaultRegionForTheWorld ======
               hBrem : Emin=    0 eV  Emax=  100 TeV  ModifiedMephi

hPairProd:  for kaon+  XStype:1  SubType=4
      dE/dx and range tables from 100 eV  to 100 TeV in 84 bins
      Lambda tables from threshold to 100 TeV, 7 bins/decade, spline: 1
      Sampling table 18x1001, from 3.94942 GeV to 100 TeV 
      ===== EM models for the G4Region  DefaultRegionForTheWorld ======
           hPairProd : Emin=    0 eV  Emax=  100 TeV  ModifiedMephi

CoulombScat:  for kaon+ XStype:1 SubType=1 BuildTable=1
      Lambda table from threshold  to 100 TeV, 7 bins/decade, spline: 0
      ThetaMin(p) < Theta(degree) < 180, pLimit(GeV^1)= 0.139531
      ===== EM models for the G4Region  DefaultRegionForTheWorld ======
  eCoulombScattering : Emin=    0 eV  Emax=  100 TeV

msc:  for kaon-  SubType= 10
      ===== EM models for the G4Region  DefaultRegionForTheWorld ======
        WentzelVIUni : Emin=    0 eV  Emax=  100 TeV Nbins=84 100 eV  - 100 TeV
          StepLim=Minimal Rfact=0.2 Gfact=2.5 Sfact=0.6 DispFlag:0 Skin=1 Llim=1 mm

hIoni:  for kaon-  XStype:3  SubType=2
      dE/dx and range tables from 100 eV  to 100 TeV in 84 bins
      Lambda tables from threshold to 100 TeV, 7 bins/decade, spline: 1
      StepFunction=(0.2, 0.1 mm), integ: 3, fluct: 1, linLossLim= 0.01
      ===== EM models for the G4Region  DefaultRegionForTheWorld ======
            ICRU73QO : Emin=    0 eV  Emax=1.05231 MeV
          BetheBloch : Emin=1.05231 MeV Emax=  100 TeV

hBrems:  for kaon-  XStype:1  SubType=3
      dE/dx and range tables from 100 eV  to 100 TeV in 84 bins
      Lambda tables from threshold to 100 TeV, 7 bins/decade, spline: 1
      ===== EM models for the G4Region  DefaultRegionForTheWorld ======
               hBrem : Emin=    0 eV  Emax=  100 TeV  ModifiedMephi

hPairProd:  for kaon-  XStype:1  SubType=4
      dE/dx and range tables from 100 eV  to 100 TeV in 84 bins
      Lambda tables from threshold to 100 TeV, 7 bins/decade, spline: 1
      Sampling table 18x1001, from 3.94942 GeV to 100 TeV 
      ===== EM models for the G4Region  DefaultRegionForTheWorld ======
           hPairProd : Emin=    0 eV  Emax=  100 TeV  ModifiedMephi

CoulombScat:  for kaon- XStype:1 SubType=1 BuildTable=1
      Used Lambda table of kaon+
      ThetaMin(p) < Theta(degree) < 180, pLimit(GeV^1)= 0.139531
      ===== EM models for the G4Region  DefaultRegionForTheWorld ======
  eCoulombScattering : Emin=    0 eV  Emax=  100 TeV

msc:  for mu+  SubType= 10
      ===== EM models for the G4Region  DefaultRegionForTheWorld ======
        WentzelVIUni : Emin=    0 eV  Emax=  100 TeV Nbins=84 100 eV  - 100 TeV
          StepLim=Minimal Rfact=0.2 Gfact=2.5 Sfact=0.6 DispFlag:0 Skin=1 Llim=1 mm

muIoni:  for mu+  XStype:3  SubType=2
      dE/dx and range tables from 100 eV  to 100 TeV in 84 bins
      Lambda tables from threshold to 100 TeV, 7 bins/decade, spline: 1
      StepFunction=(0.2, 0.1 mm), integ: 3, fluct: 1, linLossLim= 0.01
      ===== EM models for the G4Region  DefaultRegionForTheWorld ======
               Bragg : Emin=    0 eV  Emax=  200 keV
        MuBetheBloch : Emin=  200 keV Emax=  100 TeV

muBrems:  for mu+  XStype:1  SubType=3
      dE/dx and range tables from 100 eV  to 100 TeV in 84 bins
      Lambda tables from threshold to 100 TeV, 7 bins/decade, spline: 1
      ===== EM models for the G4Region  DefaultRegionForTheWorld ======
              MuBrem : Emin=    0 eV  Emax=  100 TeV  ModifiedMephi

muPairProd:  for mu+  XStype:1  SubType=4
      dE/dx and range tables from 100 eV  to 100 TeV in 84 bins
      Lambda tables from threshold to 100 TeV, 7 bins/decade, spline: 1
      Sampling table 21x1001, from 0.85 GeV to 100 TeV 
      ===== EM models for the G4Region  DefaultRegionForTheWorld ======
          muPairProd : Emin=    0 eV  Emax=  100 TeV  ModifiedMephi

CoulombScat:  for mu+ XStype:1 SubType=1 BuildTable=1
      Lambda table from threshold  to 100 TeV, 7 bins/decade, spline: 0
      ThetaMin(p) < Theta(degree) < 180, pLimit(GeV^1)= 0.139531
      ===== EM models for the G4Region  DefaultRegionForTheWorld ======
  eCoulombScattering : Emin=    0 eV  Emax=  100 TeV

msc:  for mu-  SubType= 10
      ===== EM models for the G4Region  DefaultRegionForTheWorld ======
        WentzelVIUni : Emin=    0 eV  Emax=  100 TeV Nbins=84 100 eV  - 100 TeV
          StepLim=Minimal Rfact=0.2 Gfact=2.5 Sfact=0.6 DispFlag:0 Skin=1 Llim=1 mm

muIoni:  for mu-  XStype:3  SubType=2
      dE/dx and range tables from 100 eV  to 100 TeV in 84 bins
      Lambda tables from threshold to 100 TeV, 7 bins/decade, spline: 1
      StepFunction=(0.2, 0.1 mm), integ: 3, fluct: 1, linLossLim= 0.01
      ===== EM models for the G4Region  DefaultRegionForTheWorld ======
            ICRU73QO : Emin=    0 eV  Emax=  200 keV
        MuBetheBloch : Emin=  200 keV Emax=  100 TeV

muBrems:  for mu-  XStype:1  SubType=3
      dE/dx and range tables from 100 eV  to 100 TeV in 84 bins
      Lambda tables from threshold to 100 TeV, 7 bins/decade, spline: 1
      ===== EM models for the G4Region  DefaultRegionForTheWorld ======
              MuBrem : Emin=    0 eV  Emax=  100 TeV  ModifiedMephi

muPairProd:  for mu-  XStype:1  SubType=4
      dE/dx and range tables from 100 eV  to 100 TeV in 84 bins
      Lambda tables from threshold to 100 TeV, 7 bins/decade, spline: 1
      Sampling table 21x1001, from 0.85 GeV to 100 TeV 
      ===== EM models for the G4Region  DefaultRegionForTheWorld ======
          muPairProd : Emin=    0 eV  Emax=  100 TeV  ModifiedMephi

CoulombScat:  for mu- XStype:1 SubType=1 BuildTable=1
      Used Lambda table of mu+
      ThetaMin(p) < Theta(degree) < 180, pLimit(GeV^1)= 0.139531
      ===== EM models for the G4Region  DefaultRegionForTheWorld ======
  eCoulombScattering : Emin=    0 eV  Emax=  100 TeV

msc:  for pi+  SubType= 10
      ===== EM models for the G4Region  DefaultRegionForTheWorld ======
        WentzelVIUni : Emin=    0 eV  Emax=  100 TeV Nbins=84 100 eV  - 100 TeV
          StepLim=Minimal Rfact=0.2 Gfact=2.5 Sfact=0.6 DispFlag:0 Skin=1 Llim=1 mm

hIoni:  for pi+  XStype:3  SubType=2
      dE/dx and range tables from 100 eV  to 100 TeV in 84 bins
      Lambda tables from threshold to 100 TeV, 7 bins/decade, spline: 1
      StepFunction=(0.2, 0.1 mm), integ: 3, fluct: 1, linLossLim= 0.01
      ===== EM models for the G4Region  DefaultRegionForTheWorld ======
               Bragg : Emin=    0 eV  Emax=297.505 keV
          BetheBloch : Emin=297.505 keV Emax=  100 TeV

hBrems:  for pi+  XStype:1  SubType=3
      dE/dx and range tables from 100 eV  to 100 TeV in 84 bins
      Lambda tables from threshold to 100 TeV, 7 bins/decade, spline: 1
      ===== EM models for the G4Region  DefaultRegionForTheWorld ======
               hBrem : Emin=    0 eV  Emax=  100 TeV  ModifiedMephi

hPairProd:  for pi+  XStype:1  SubType=4
      dE/dx and range tables from 100 eV  to 100 TeV in 84 bins
      Lambda tables from threshold to 100 TeV, 7 bins/decade, spline: 1
      Sampling table 20x1001, from 1.11656 GeV to 100 TeV 
      ===== EM models for the G4Region  DefaultRegionForTheWorld ======
           hPairProd : Emin=    0 eV  Emax=  100 TeV  ModifiedMephi

CoulombScat:  for pi+ XStype:1 SubType=1 BuildTable=1
      Lambda table from threshold  to 100 TeV, 7 bins/decade, spline: 0
      ThetaMin(p) < Theta(degree) < 180, pLimit(GeV^1)= 0.139531
      ===== EM models for the G4Region  DefaultRegionForTheWorld ======
  eCoulombScattering : Emin=    0 eV  Emax=  100 TeV

msc:  for pi-  SubType= 10
      ===== EM models for the G4Region  DefaultRegionForTheWorld ======
        WentzelVIUni : Emin=    0 eV  Emax=  100 TeV Nbins=84 100 eV  - 100 TeV
          StepLim=Minimal Rfact=0.2 Gfact=2.5 Sfact=0.6 DispFlag:0 Skin=1 Llim=1 mm

hIoni:  for pi-  XStype:3  SubType=2
      dE/dx and range tables from 100 eV  to 100 TeV in 84 bins
      Lambda tables from threshold to 100 TeV, 7 bins/decade, spline: 1
      StepFunction=(0.2, 0.1 mm), integ: 3, fluct: 1, linLossLim= 0.01
      ===== EM models for the G4Region  DefaultRegionForTheWorld ======
            ICRU73QO : Emin=    0 eV  Emax=297.505 keV
          BetheBloch : Emin=297.505 keV Emax=  100 TeV

hBrems:  for pi-  XStype:1  SubType=3
      dE/dx and range tables from 100 eV  to 100 TeV in 84 bins
      Lambda tables from threshold to 100 TeV, 7 bins/decade, spline: 1
      ===== EM models for the G4Region  DefaultRegionForTheWorld ======
               hBrem : Emin=    0 eV  Emax=  100 TeV  ModifiedMephi

hPairProd:  for pi-  XStype:1  SubType=4
      dE/dx and range tables from 100 eV  to 100 TeV in 84 bins
      Lambda tables from threshold to 100 TeV, 7 bins/decade, spline: 1
      Sampling table 20x1001, from 1.11656 GeV to 100 TeV 
      ===== EM models for the G4Region  DefaultRegionForTheWorld ======
           hPairProd : Emin=    0 eV  Emax=  100 TeV  ModifiedMephi

CoulombScat:  for pi- XStype:1 SubType=1 BuildTable=1
      Used Lambda table of pi+
      ThetaMin(p) < Theta(degree) < 180, pLimit(GeV^1)= 0.139531
      ===== EM models for the G4Region  DefaultRegionForTheWorld ======
  eCoulombScattering : Emin=    0 eV  Emax=  100 TeV

====================================================================
                  HADRONIC PROCESSES SUMMARY (verbose level 1)
-----------------------------------------------------------------------
                           Hadronic Processes for neutron
  Process: hadElastic
        Model:             hElasticCHIPS: 0 eV  ---> 100 TeV
     Cr_sctns:        G4NeutronElasticXS: 0 eV  ---> 100 TeV
  Process: neutronInelastic
        Model:                      FTFP: 3 GeV ---> 100 TeV
        Model:            BertiniCascade: 0 eV  ---> 6 GeV
     Cr_sctns:      G4NeutronInelasticXS: 0 eV  ---> 100 TeV
  Process: nCapture
        Model:               nRadCapture: 0 eV  ---> 100 TeV
     Cr_sctns:        G4NeutronCaptureXS: 0 eV  ---> 100 TeV
  Process: nKiller
-----------------------------------------------------------------------
                           Hadronic Processes for B-
  Process: hadElastic
        Model:              hElasticLHEP: 0 eV  ---> 100 TeV
     Cr_sctns:            Glauber-Gribov: 0 eV  ---> 100 TeV
  Process: B-Inelastic
        Model:                      FTFP: 0 eV  ---> 100 TeV
     Cr_sctns:            Glauber-Gribov: 0 eV  ---> 100 TeV
-----------------------------------------------------------------------
                           Hadronic Processes for D-
  Process: hadElastic
        Model:              hElasticLHEP: 0 eV  ---> 100 TeV
     Cr_sctns:            Glauber-Gribov: 0 eV  ---> 100 TeV
  Process: D-Inelastic
        Model:                      FTFP: 0 eV  ---> 100 TeV
     Cr_sctns:            Glauber-Gribov: 0 eV  ---> 100 TeV
-----------------------------------------------------------------------
                           Hadronic Processes for GenericIon
  Process: ionInelastic
        Model:  Binary Light Ion Cascade: 0 eV /n ---> 6 GeV/n
        Model:                      FTFP: 3 GeV/n ---> 100 TeV/n
     Cr_sctns:  Glauber-Gribov Nucl-nucl: 0 eV  ---> 25.6 PeV
-----------------------------------------------------------------------
                           Hadronic Processes for He3
  Process: hadElastic
        Model:              hElasticLHEP: 0 eV /n ---> 100 TeV/n
     Cr_sctns:  Glauber-Gribov Nucl-nucl: 0 eV  ---> 25.6 PeV
  Process: He3Inelastic
        Model:  Binary Light Ion Cascade: 0 eV /n ---> 6 GeV/n
        Model:                      FTFP: 3 GeV/n ---> 100 TeV/n
     Cr_sctns:  Glauber-Gribov Nucl-nucl: 0 eV  ---> 25.6 PeV
-----------------------------------------------------------------------
                           Hadronic Processes for alpha
  Process: hadElastic
        Model:              hElasticLHEP: 0 eV /n ---> 100 TeV/n
     Cr_sctns:  Glauber-Gribov Nucl-nucl: 0 eV  ---> 25.6 PeV
  Process: alphaInelastic
        Model:  Binary Light Ion Cascade: 0 eV /n ---> 6 GeV/n
        Model:                      FTFP: 3 GeV/n ---> 100 TeV/n
     Cr_sctns:  Glauber-Gribov Nucl-nucl: 0 eV  ---> 25.6 PeV
-----------------------------------------------------------------------
                           Hadronic Processes for anti_He3
  Process: hadElastic
        Model:              hElasticLHEP: 0 eV /n ---> 100.1 MeV/n
        Model:              AntiAElastic: 100 MeV/n ---> 100 TeV/n
     Cr_sctns:              AntiAGlauber: 0 eV  ---> 25.6 PeV
  Process: anti_He3Inelastic
        Model:                      FTFP: 0 eV /n ---> 100 TeV/n
     Cr_sctns:              AntiAGlauber: 0 eV  ---> 25.6 PeV
  Process: hFritiofCaptureAtRest
-----------------------------------------------------------------------
                           Hadronic Processes for anti_alpha
  Process: hadElastic
        Model:              hElasticLHEP: 0 eV /n ---> 100.1 MeV/n
        Model:              AntiAElastic: 100 MeV/n ---> 100 TeV/n
     Cr_sctns:              AntiAGlauber: 0 eV  ---> 25.6 PeV
  Process: anti_alphaInelastic
        Model:                      FTFP: 0 eV /n ---> 100 TeV/n
     Cr_sctns:              AntiAGlauber: 0 eV  ---> 25.6 PeV
  Process: hFritiofCaptureAtRest
-----------------------------------------------------------------------
                           Hadronic Processes for anti_deuteron
  Process: hadElastic
        Model:              hElasticLHEP: 0 eV /n ---> 100.1 MeV/n
        Model:              AntiAElastic: 100 MeV/n ---> 100 TeV/n
     Cr_sctns:              AntiAGlauber: 0 eV  ---> 25.6 PeV
  Process: anti_deuteronInelastic
        Model:                      FTFP: 0 eV /n ---> 100 TeV/n
     Cr_sctns:              AntiAGlauber: 0 eV  ---> 25.6 PeV
  Process: hFritiofCaptureAtRest
-------------------------------------------------------------------------
                           Hadronic Processes for anti_hypertriton
  Process: hFritiofCaptureAtRest
-----------------------------------------------------------------------
                           Hadronic Processes for anti_lambda
  Process: hadElastic
        Model:              hElasticLHEP: 0 eV  ---> 100 TeV
     Cr_sctns:            Glauber-Gribov: 0 eV  ---> 100 TeV
  Process: anti_lambdaInelastic
        Model:                      FTFP: 0 eV  ---> 100 TeV
     Cr_sctns:            Glauber-Gribov: 0 eV  ---> 100 TeV
  Process: hFritiofCaptureAtRest
-----------------------------------------------------------------------
                           Hadronic Processes for anti_neutron
  Process: hadElastic
        Model:              hElasticLHEP: 0 eV  ---> 100.1 MeV
        Model:              AntiAElastic: 100 MeV ---> 100 TeV
     Cr_sctns:              AntiAGlauber: 0 eV  ---> 25.6 PeV
  Process: anti_neutronInelastic
        Model:                      FTFP: 0 eV  ---> 100 TeV
     Cr_sctns:              AntiAGlauber: 0 eV  ---> 25.6 PeV
  Process: hFritiofCaptureAtRest
-----------------------------------------------------------------------
                           Hadronic Processes for anti_proton
  Process: hadElastic
        Model:              hElasticLHEP: 0 eV  ---> 100.1 MeV
        Model:              AntiAElastic: 100 MeV ---> 100 TeV
     Cr_sctns:              AntiAGlauber: 0 eV  ---> 25.6 PeV
  Process: anti_protonInelastic
        Model:                      FTFP: 0 eV  ---> 100 TeV
     Cr_sctns:              AntiAGlauber: 0 eV  ---> 25.6 PeV
  Process: hFritiofCaptureAtRest
-----------------------------------------------------------------------
                           Hadronic Processes for anti_triton
  Process: hadElastic
        Model:              hElasticLHEP: 0 eV /n ---> 100.1 MeV/n
        Model:              AntiAElastic: 100 MeV/n ---> 100 TeV/n
     Cr_sctns:              AntiAGlauber: 0 eV  ---> 25.6 PeV
  Process: anti_tritonInelastic
        Model:                      FTFP: 0 eV /n ---> 100 TeV/n
     Cr_sctns:              AntiAGlauber: 0 eV  ---> 25.6 PeV
  Process: hFritiofCaptureAtRest
-----------------------------------------------------------------------
                           Hadronic Processes for deuteron
  Process: hadElastic
        Model:              hElasticLHEP: 0 eV /n ---> 100 TeV/n
     Cr_sctns:  Glauber-Gribov Nucl-nucl: 0 eV  ---> 25.6 PeV
  Process: dInelastic
        Model:  Binary Light Ion Cascade: 0 eV /n ---> 6 GeV/n
        Model:                      FTFP: 3 GeV/n ---> 100 TeV/n
     Cr_sctns:  Glauber-Gribov Nucl-nucl: 0 eV  ---> 25.6 PeV
-----------------------------------------------------------------------
                           Hadronic Processes for e+
  Process: positronNuclear
        Model:   G4ElectroVDNuclearModel: 0 eV  ---> 1 PeV
     Cr_sctns:          ElectroNuclearXS: 0 eV  ---> 100 TeV
-----------------------------------------------------------------------
                           Hadronic Processes for e-
  Process: electronNuclear
        Model:   G4ElectroVDNuclearModel: 0 eV  ---> 1 PeV
     Cr_sctns:          ElectroNuclearXS: 0 eV  ---> 100 TeV
-----------------------------------------------------------------------
                           Hadronic Processes for gamma
  Process: photonNuclear
        Model:               GammaNPreco: 0 eV  ---> 200 MeV
        Model:            BertiniCascade: 199 MeV ---> 6 GeV
        Model:           TheoFSGenerator: 3 GeV ---> 100 TeV
     Cr_sctns:            GammaNuclearXS: 0 eV  ---> 100 TeV
-----------------------------------------------------------------------
                           Hadronic Processes for kaon+
  Process: hadElastic
        Model:              hElasticLHEP: 0 eV  ---> 100 TeV
     Cr_sctns:            Glauber-Gribov: 0 eV  ---> 100 TeV
  Process: kaon+Inelastic
        Model:                      FTFP: 3 GeV ---> 100 TeV
        Model:            BertiniCascade: 0 eV  ---> 6 GeV
     Cr_sctns:            Glauber-Gribov: 0 eV  ---> 100 TeV
-----------------------------------------------------------------------
                           Hadronic Processes for kaon-
  Process: hadElastic
        Model:              hElasticLHEP: 0 eV  ---> 100 TeV
     Cr_sctns:            Glauber-Gribov: 0 eV  ---> 100 TeV
  Process: kaon-Inelastic
        Model:                      FTFP: 3 GeV ---> 100 TeV
        Model:            BertiniCascade: 0 eV  ---> 6 GeV
     Cr_sctns:            Glauber-Gribov: 0 eV  ---> 100 TeV
  Process: hBertiniCaptureAtRest
-----------------------------------------------------------------------
                           Hadronic Processes for lambda
  Process: hadElastic
        Model:              hElasticLHEP: 0 eV  ---> 100 TeV
     Cr_sctns:            Glauber-Gribov: 0 eV  ---> 100 TeV
  Process: lambdaInelastic
        Model:                      FTFP: 3 GeV ---> 100 TeV
        Model:            BertiniCascade: 0 eV  ---> 6 GeV
     Cr_sctns:            Glauber-Gribov: 0 eV  ---> 100 TeV
-----------------------------------------------------------------------
                           Hadronic Processes for mu+
  Process: muonNuclear
        Model:      G4MuonVDNuclearModel: 0 eV  ---> 1 PeV
     Cr_sctns:     KokoulinMuonNuclearXS: 0 eV  ---> 100 TeV
-----------------------------------------------------------------------
                           Hadronic Processes for mu-
  Process: muonNuclear
        Model:      G4MuonVDNuclearModel: 0 eV  ---> 1 PeV
     Cr_sctns:     KokoulinMuonNuclearXS: 0 eV  ---> 100 TeV
  Process: muMinusCaptureAtRest
-----------------------------------------------------------------------
                           Hadronic Processes for pi+
  Process: hadElastic
        Model:           hElasticGlauber: 0 eV  ---> 100 TeV
     Cr_sctns:  BarashenkovGlauberGribov: 0 eV  ---> 100 TeV
  Process: pi+Inelastic
        Model:                      FTFP: 3 GeV ---> 100 TeV
        Model:            BertiniCascade: 0 eV  ---> 6 GeV
     Cr_sctns:  BarashenkovGlauberGribov: 0 eV  ---> 100 TeV
-----------------------------------------------------------------------
                           Hadronic Processes for pi-
  Process: hadElastic
        Model:           hElasticGlauber: 0 eV  ---> 100 TeV
     Cr_sctns:  BarashenkovGlauberGribov: 0 eV  ---> 100 TeV
  Process: pi-Inelastic
        Model:                      FTFP: 3 GeV ---> 100 TeV
        Model:            BertiniCascade: 0 eV  ---> 6 GeV
     Cr_sctns:  BarashenkovGlauberGribov: 0 eV  ---> 100 TeV
  Process: hBertiniCaptureAtRest
-----------------------------------------------------------------------
                           Hadronic Processes for proton
  Process: hadElastic
        Model:             hElasticCHIPS: 0 eV  ---> 100 TeV
     Cr_sctns:  BarashenkovGlauberGribov: 0 eV  ---> 100 TeV
  Process: protonInelastic
        Model:                      FTFP: 3 GeV ---> 100 TeV
        Model:            BertiniCascade: 0 eV  ---> 6 GeV
     Cr_sctns:  BarashenkovGlauberGribov: 0 eV  ---> 100 TeV
-----------------------------------------------------------------------
                           Hadronic Processes for sigma-
  Process: hadElastic
        Model:              hElasticLHEP: 0 eV  ---> 100 TeV
     Cr_sctns:            Glauber-Gribov: 0 eV  ---> 100 TeV
  Process: sigma-Inelastic
        Model:                      FTFP: 3 GeV ---> 100 TeV
        Model:            BertiniCascade: 0 eV  ---> 6 GeV
     Cr_sctns:            Glauber-Gribov: 0 eV  ---> 100 TeV
  Process: hBertiniCaptureAtRest
-----------------------------------------------------------------------
                           Hadronic Processes for triton
  Process: hadElastic
        Model:              hElasticLHEP: 0 eV /n ---> 100 TeV/n
     Cr_sctns:  Glauber-Gribov Nucl-nucl: 0 eV  ---> 25.6 PeV
  Process: tInelastic
        Model:  Binary Light Ion Cascade: 0 eV /n ---> 6 GeV/n
        Model:                      FTFP: 3 GeV/n ---> 100 TeV/n
     Cr_sctns:  Glauber-Gribov Nucl-nucl: 0 eV  ---> 25.6 PeV
=======================================================================
======       Geant4 Native Pre-compound Model Parameters       ========
=======================================================================
Type of pre-compound model                          0
Type of pre-compound inverse x-section              1
Pre-compound model active                           1
Pre-compound excitation low energy                  0.1 MeV 
Pre-compound excitation high energy                 15 MeV 
Angular generator for pre-compound model            1
Use NeverGoBack option for pre-compound model       0
Use SoftCutOff option for pre-compound model        0
Use CEM transitions for pre-compound model          1
Use GNASH transitions for pre-compound model        0
Use HETC submodel for pre-compound model            0
=======================================================================
======       Nuclear De-excitation Module Parameters           ========
=======================================================================
Type of de-excitation inverse x-section             3
Type of de-excitation factory                       Evaporation+GEM
Number of de-excitation channels                    68
Type of Fermi BreakUp model                         ModelVI
Min excitation energy                               0.01 keV 
Min energy per nucleon for multifragmentation       2e+05 MeV
Level density (1/MeV)                               0.075
Use simple level density model                      1
Use discrete excitation energy of the residual      0
Time limit for long lived isomeres                  1 ns 
Isomer production flag                              1
Internal e- conversion flag                         1
Store e- internal conversion data                   1
Correlated gamma emission flag                      0
Max 2J for sampling of angular correlations         10
=======================================================================
### Run 0 starts.

-------- WWWW ------- G4Exception-START -------- WWWW -------
*** G4Exception : Analysis_W001
      issued by : G4RootNtupleFileManager::SetNtupleMergingMode
Merging ntuples is not applicable in sequential application.
Setting was ignored.
*** This is just a warning message. ***
-------- WWWW -------- G4Exception-END --------- WWWW -------

... set ntuple merging row mode : row-wise - done
... create file : B5.root - done
... open analysis file : B5.root - done
... create file : B5ntuple.root - done
... open analysis file : B5.root - done
--> Event 0 starts.
>>> Event 0 >>> Simulation truth : proton (0,0,100000)
Hodoscope 1 has 1 hits.
  Hodoscope[ 7 ] 4.987002726087157 (nsec)
Hodoscope 2 has 0 hits.
Drift Chamber 1 has 52 hits.
  Layer[ 0 ] : time 6.672621779376683 (nsec) --- local (x,y) -2.716603697032113 , -15.192209210821066
  Layer[ 0 ] : time 6.672427645764552 (nsec) --- local (x,y) -13.180093559819639 , 11.652234291156745
  Layer[ 0 ] : time 6.700659206984364 (nsec) --- local (x,y) 24.753039968197527 , 72.39239626543711
  Layer[ 0 ] : time 6.674639535480642 (nsec) --- local (x,y) -10.404949384203347 , -18.012573753127032
  Layer[ 0 ] : time 10.438406042016098 (nsec) --- local (x,y) -191.89455101482466 , 135.79874471484823
  Layer[ 0 ] : time 10.438964627409671 (nsec) --- local (x,y) -191.91418165663265 , 135.8127028174826
  Layer[ 0 ] : time 10.438964627409671 (nsec) --- local (x,y) -191.91418165663265 , 135.8127028174826
  Layer[ 0 ] : time 10.44043320609665 (nsec) --- local (x,y) -191.99196083102194 , 135.83768403023745
  Layer[ 0 ] : time 10.441947278038628 (nsec) --- local (x,y) -192.06138360724546 , 135.87456411526534
  Layer[ 0 ] : time 10.443485878965848 (nsec) --- local (x,y) -192.1181720375678 , 135.92831389964022
  Layer[ 0 ] : time 10.444046282618421 (nsec) --- local (x,y) -192.14185267534253 , 135.9429772037332
  Layer[ 0 ] : time 10.445658782631758 (nsec) --- local (x,y) -192.21213490735187 , 135.95094103378335
  Layer[ 0 ] : time 10.444046282618421 (nsec) --- local (x,y) -192.14185267534253 , 135.9429772037332
  Layer[ 0 ] : time 6.764453702179119 (nsec) --- local (x,y) 93.46971210851288 , 120.21008246130911
  Layer[ 0 ] : time 9.77091604068354 (nsec) --- local (x,y) -542.3172557567361 , 148.57479796567813
  Layer[ 0 ] : time 6.815333486024992 (nsec) --- local (x,y) 157.82497470468056 , 33.374322510702385
  Layer[ 0 ] : time 7.333558426621262 (nsec) --- local (x,y) 358.68205566887497 , 210.49134369371603
  Layer[ 0 ] : time 6.9264930490832395 (nsec) --- local (x,y) -151.1456017060839 , -141.53715526217266
  Layer[ 0 ] : time 6.695541370338821 (nsec) --- local (x,y) -17.1999238751106 , -64.17057174929279
  Layer[ 0 ] : time 6.684589798643906 (nsec) --- local (x,y) -41.69375100982524 , 30.454913181702715
  Layer[ 1 ] : time 8.341885843843386 (nsec) --- local (x,y) -5.408606073731227 , -30.288773515461155
  Layer[ 1 ] : time 8.341495505856475 (nsec) --- local (x,y) -26.266479031753853 , 23.18012946978439
  Layer[ 1 ] : time 8.397772937293375 (nsec) --- local (x,y) 49.30820906301233 , 144.29449534775492
  Layer[ 1 ] : time 8.345913977828328 (nsec) --- local (x,y) -20.75509811112422 , -35.955732462766946
  Layer[ 1 ] : time 15.9144654817315 (nsec) --- local (x,y) -382.89735582201723 , 272.5188973845384
  Layer[ 1 ] : time 8.526097832576788 (nsec) --- local (x,y) 187.88837405832172 , 240.86512970275624
  Layer[ 1 ] : time 8.62818416928034 (nsec) --- local (x,y) 316.51055594279273 , 68.19816484462355
  Layer[ 1 ] : time 8.848277220424857 (nsec) --- local (x,y) -301.1382596147135 , -282.5808579715839
  Layer[ 1 ] : time 8.387635649467908 (nsec) --- local (x,y) -34.21074126649458 , -128.085103295389
  Layer[ 1 ] : time 8.365715238712756 (nsec) --- local (x,y) -83.08539498798868 , 60.596377751611705
  Layer[ 2 ] : time 10.01114520690844 (nsec) --- local (x,y) -8.210899430659227 , -45.31808583822432
  Layer[ 2 ] : time 10.010560323337362 (nsec) --- local (x,y) -39.31785878332078 , 34.70802911764226
  Layer[ 2 ] : time 10.094887366249672 (nsec) --- local (x,y) 73.88530667746022 , 216.19014094467107
  Layer[ 2 ] : time 10.017188310455548 (nsec) --- local (x,y) -31.077040890661216 , -53.912593660262054
  Layer[ 2 ] : time 10.441123239747252 (nsec) --- local (x,y) 475.27082482769566 , 102.99036431250562
  Layer[ 2 ] : time 10.07965825791499 (nsec) --- local (x,y) -51.17367239730462 , -191.83966449379528
  Layer[ 2 ] : time 10.046825895323167 (nsec) --- local (x,y) -124.50359669451569 , 90.62531594148602
  Layer[ 3 ] : time 11.680395530297648 (nsec) --- local (x,y) -10.938530731940748 , -60.270286603511835
  Layer[ 3 ] : time 11.6796227532767 (nsec) --- local (x,y) -52.34161106609901 , 46.23604819914445
  Layer[ 3 ] : time 11.792005065399032 (nsec) --- local (x,y) 98.4772672756103 , 288.0871547468362
  Layer[ 3 ] : time 11.688456514583134 (nsec) --- local (x,y) -41.370860425802555 , -71.83348310861996
  Layer[ 3 ] : time 12.253991025962476 (nsec) --- local (x,y) 633.9329400733973 , 137.83601553498872
  Layer[ 3 ] : time 11.771687989074938 (nsec) --- local (x,y) -68.27127616924525 , -255.5700275114327
  Layer[ 3 ] : time 11.7279212682128 (nsec) --- local (x,y) -165.9169824865383 , 120.58216586859693
  Layer[ 4 ] : time 13.349638751850172 (nsec) --- local (x,y) -13.613286955192882 , -75.1607140916338
  Layer[ 4 ] : time 13.348687111485223 (nsec) --- local (x,y) -65.39186899667963 , 57.7589351727592
  Layer[ 4 ] : time 13.942860889920999 (nsec) --- local (x,y) 110.21282995668447 , 99.0134957465043
  Layer[ 4 ] : time 13.945224257797726 (nsec) --- local (x,y) 110.39875196824465 , 98.87354398545129
  Layer[ 4 ] : time 13.95071516431834 (nsec) --- local (x,y) 110.74771921088478 , 98.63767339155768
  Layer[ 4 ] : time 13.359729184277057 (nsec) --- local (x,y) -51.785041793836264 , -89.72088652051616
  Layer[ 4 ] : time 14.066850364006674 (nsec) --- local (x,y) 792.4950785136206 , 173.02553303402314
  Layer[ 4 ] : time 13.409052248426674 (nsec) --- local (x,y) -207.41773459036958 , 150.59447618084005
Drift Chamber 2 has 0 hits.
EM Calorimeter has 0 hits. Total Edep is 0.0 (MeV)
Hadron Calorimeter has 0 hits. Total Edep is 0.0 (MeV)
... write file : B5.root - done
... write file : B5ntuple.root - done
... close file : B5.root - done
... close file : B5ntuple.root - done
### Run 1 starts.
... create file : B5.root - done
... open analysis file : B5.root - done
... create file : B5ntuple.root - done
... open analysis file : B5.root - done
--> Event 0 starts.
>>> Event 0 >>> Simulation truth : pi+ (0,0,100000)
Hodoscope 1 has 1 hits.
  Hodoscope[ 7 ] 4.986788080684661 (nsec)
Hodoscope 2 has 3 hits.
  Hodoscope[ 10 ] 42.69354730730678 (nsec)
  Hodoscope[ 4 ] 4834.635792150298 (nsec)
  Hodoscope[ 15 ] 505.5306701773903 (nsec)
Drift Chamber 1 has 5 hits.
  Layer[ 0 ] : time 6.670954838845595 (nsec) --- local (x,y) -0.029551660705026846 , -0.007850531295454608
  Layer[ 1 ] : time 8.338776940241505 (nsec) --- local (x,y) -0.04438985652142916 , -0.014644209697097777
  Layer[ 2 ] : time 10.006599041536205 (nsec) --- local (x,y) -0.058994647620954056 , -0.019260361970165472
  Layer[ 3 ] : time 11.674421142728864 (nsec) --- local (x,y) -0.07286037664733362 , -0.022369641495309643
  Layer[ 4 ] : time 13.3422432439784 (nsec) --- local (x,y) -0.08623137537449083 , -0.02782021814498025
Drift Chamber 2 has 5 hits.
  Layer[ 0 ] : time 34.36624887968563 (nsec) --- local (x,y) -82.6815154800679 , -0.1405887117924831
  Layer[ 1 ] : time 36.034979426376196 (nsec) --- local (x,y) -99.18664123760709 , -0.1452323638269326
  Layer[ 2 ] : time 37.703709792904284 (nsec) --- local (x,y) -115.69013023047773 , -0.14793641658424656
  Layer[ 3 ] : time 39.372440092986785 (nsec) --- local (x,y) -132.19301524240086 , -0.1513261156247343
  Layer[ 4 ] : time 41.04117045093599 (nsec) --- local (x,y) -148.69642577475224 , -0.15597825583233915
EM Calorimeter has 65 hits. Total Edep is 1144.4579921396482 (MeV)
Hadron Calorimeter has 18 hits. Total Edep is 3608.175152920735 (MeV)
... write file : B5.root - done
... write file : B5ntuple.root - done
... close file : B5.root - done
... close file : B5ntuple.root - done
### Run 2 starts.
... create file : B5.root - done
... open analysis file : B5.root - done
... create file : B5ntuple.root - done
... open analysis file : B5.root - done
--> Event 0 starts.
>>> Event 0 >>> Simulation truth : e+ (-0,0,100000)
Hodoscope 1 has 1 hits.
  Hodoscope[ 7 ] 4.986783223683419 (nsec)
Hodoscope 2 has 1 hits.
  Hodoscope[ 9 ] 43.18617431917446 (nsec)
Drift Chamber 1 has 5 hits.
  Layer[ 0 ] : time 6.6709483421911 (nsec) --- local (x,y) 0.02220576166111134 , -0.033521270471524284
  Layer[ 1 ] : time 8.338768820075918 (nsec) --- local (x,y) 0.03315617371939832 , -0.05452678348634484
  Layer[ 2 ] : time 10.006589298135891 (nsec) --- local (x,y) 0.044068192801513 , -0.07676180170975759
  Layer[ 3 ] : time 11.674409776365659 (nsec) --- local (x,y) 0.05609635762508794 , -0.09955424458371757
  Layer[ 4 ] : time 13.3422302545656 (nsec) --- local (x,y) 0.0660569004400057 , -0.12312709130724109
Drift Chamber 2 has 5 hits.
  Layer[ 0 ] : time 34.84892409602307 (nsec) --- local (x,y) -147.42151506092114 , -0.5361693362530429
  Layer[ 1 ] : time 36.519647986988964 (nsec) --- local (x,y) -176.93723668588427 , -0.5775944488048529
  Layer[ 2 ] : time 38.19037218566385 (nsec) --- local (x,y) -206.45452416150624 , -0.6186817395262066
  Layer[ 3 ] : time 39.86109724541732 (nsec) --- local (x,y) -235.97619246409113 , -0.6591837949106977
  Layer[ 4 ] : time 41.531822275640735 (nsec) --- local (x,y) -265.49771147219826 , -0.6990519470329689
EM Calorimeter has 45 hits. Total Edep is 87633.18914509348 (MeV)
Hadron Calorimeter has 10 hits. Total Edep is 60.779941754401044 (MeV)
... write file : B5.root - done
... write file : B5ntuple.root - done
... close file : B5.root - done
... close file : B5ntuple.root - done
### Run 3 starts.
... create file : B5.root - done
... open analysis file : B5.root - done
... create file : B5ntuple.root - done
... open analysis file : B5.root - done
--> Event 0 starts.
>>> Event 0 >>> Simulation truth : proton (0,0,10000)
Hodoscope 1 has 1 hits.
  Hodoscope[ 7 ] 5.008686912290593 (nsec)
Hodoscope 2 has 1 hits.
  Hodoscope[ 9 ] 43.37527906335845 (nsec)
Drift Chamber 1 has 7 hits.
  Layer[ 0 ] : time 6.70025614669656 (nsec) --- local (x,y) 0.07952444802133844 , -0.030200114995915944
  Layer[ 0 ] : time 7.288794291401889 (nsec) --- local (x,y) 299.0716140895107 , 175.62778772851468
  Layer[ 1 ] : time 8.375409045947118 (nsec) --- local (x,y) 0.06590467758101043 , -0.03703378521831483
  Layer[ 1 ] : time 9.200938492295649 (nsec) --- local (x,y) 350.23639436021745 , 112.44259492114331
  Layer[ 2 ] : time 10.050562077417707 (nsec) --- local (x,y) 0.06855454971986827 , -0.03771621365715664
  Layer[ 3 ] : time 11.725715269842944 (nsec) --- local (x,y) 0.04110758546456246 , -0.04387364005682241
  Layer[ 4 ] : time 13.400868750946895 (nsec) --- local (x,y) 0.011157626528365747 , -0.05818514505189453
Drift Chamber 2 has 5 hits.
  Layer[ 0 ] : time 35.001327983630006 (nsec) --- local (x,y) -148.46812132888726 , 0.7684403530904208
  Layer[ 1 ] : time 36.67942790819906 (nsec) --- local (x,y) -178.1245573539095 , 0.8225774411374458
  Layer[ 2 ] : time 38.35752493806771 (nsec) --- local (x,y) -207.76569309902993 , 0.8880451723480124
  Layer[ 3 ] : time 40.035592671846956 (nsec) --- local (x,y) -237.25708758382666 , 0.6272633729403386
  Layer[ 4 ] : time 41.71365847119579 (nsec) --- local (x,y) -266.73810593391295 , 0.37786835258231805
EM Calorimeter has 3 hits. Total Edep is 183.8719025782546 (MeV)
Hadron Calorimeter has 8 hits. Total Edep is 533.3459824059706 (MeV)
... write file : B5.root - done
... write file : B5ntuple.root - done
... close file : B5.root - done
... close file : B5ntuple.root - done
### Run 4 starts.
... create file : B5.root - done
... open analysis file : B5.root - done
... create file : B5ntuple.root - done
... open analysis file : B5.root - done
--> Event 0 starts.
>>> Event 0 >>> Simulation truth : pi+ (-0,0,10000)
Hodoscope 1 has 1 hits.
  Hodoscope[ 7 ] 4.987268923124907 (nsec)
Hodoscope 2 has 1 hits.
  Hodoscope[ 10 ] 42.699249823148165 (nsec)
Drift Chamber 1 has 5 hits.
  Layer[ 0 ] : time 6.671598150037355 (nsec) --- local (x,y) 0.013001922481186602 , 0.045025434977216276
  Layer[ 1 ] : time 8.339581154304645 (nsec) --- local (x,y) 0.07248630774989111 , 0.07999575478939824
  Layer[ 2 ] : time 10.007564162014804 (nsec) --- local (x,y) 0.12595323505487815 , 0.057571853375043475
  Layer[ 3 ] : time 11.675547170566709 (nsec) --- local (x,y) 0.16164646656617404 , 0.009582878946044322
  Layer[ 4 ] : time 13.343530177461325 (nsec) --- local (x,y) 0.18623497222309615 , -0.032346866118363335
Drift Chamber 2 has 5 hits.
  Layer[ 0 ] : time 34.37094638585049 (nsec) --- local (x,y) -83.75549927416216 , -0.22112233224529326
  Layer[ 1 ] : time 36.03987673363398 (nsec) --- local (x,y) -100.60883865215533 , -0.1544939831563798
  Layer[ 2 ] : time 37.70880819201767 (nsec) --- local (x,y) -117.47182810865206 , -0.04958202102376199
  Layer[ 3 ] : time 39.377739961972864 (nsec) --- local (x,y) -134.3376285201848 , 0.043446455233107736
  Layer[ 4 ] : time 41.04667153636163 (nsec) --- local (x,y) -151.20160328355132 , 0.14656997583489484
EM Calorimeter has 28 hits. Total Edep is 230.5103054435421 (MeV)
Hadron Calorimeter has 10 hits. Total Edep is 496.03321954806853 (MeV)
... write file : B5.root - done
... write file : B5ntuple.root - done
... close file : B5.root - done
... close file : B5ntuple.root - done
### Run 5 starts.
... create file : B5.root - done
... open analysis file : B5.root - done
... create file : B5ntuple.root - done
... open analysis file : B5.root - done
--> Event 0 starts.
>>> Event 0 >>> Simulation truth : e+ (-0,0,10000)
Hodoscope 1 has 1 hits.
  Hodoscope[ 7 ] 4.98678326875235 (nsec)
Hodoscope 2 has 1 hits.
  Hodoscope[ 9 ] 43.18336208906795 (nsec)
Drift Chamber 1 has 5 hits.
  Layer[ 0 ] : time 6.670948422759571 (nsec) --- local (x,y) -0.23538802542282675 , 0.10954538515084078
  Layer[ 1 ] : time 8.338768956613519 (nsec) --- local (x,y) -0.30771364632455583 , 0.2159090754843328
  Layer[ 2 ] : time 10.006589500668023 (nsec) --- local (x,y) -0.3916964898371799 , 0.32791645534186675
  Layer[ 3 ] : time 11.674410048672382 (nsec) --- local (x,y) -0.5109951847703023 , 0.4096274740662787
  Layer[ 4 ] : time 13.342230600172538 (nsec) --- local (x,y) -0.6430837770017782 , 0.47570796841814134
Drift Chamber 2 has 5 hits.
  Layer[ 0 ] : time 34.8458782924816 (nsec) --- local (x,y) -149.74037450813466 , 1.7460744913941926
  Layer[ 1 ] : time 36.516646429847235 (nsec) --- local (x,y) -179.48035618400922 , 1.763491917978895
  Layer[ 2 ] : time 38.18741307427509 (nsec) --- local (x,y) -209.21279718992514 , 1.7843980704570528
  Layer[ 3 ] : time 39.85818445968924 (nsec) --- local (x,y) -238.96917816751102 , 1.7741688742192059
  Layer[ 4 ] : time 41.52895699174628 (nsec) --- local (x,y) -268.7313376080067 , 1.7511418554342488
EM Calorimeter has 14 hits. Total Edep is 9723.254943011534 (MeV)
Hadron Calorimeter has 1 hits. Total Edep is 0.08645102155320677 (MeV)
... write file : B5.root - done
... write file : B5ntuple.root - done
... close file : B5.root - done
... close file : B5ntuple.root - done
### Run 6 starts.
... create file : B5.root - done
... open analysis file : B5.root - done
... create file : B5ntuple.root - done
... open analysis file : B5.root - done
--> Event 0 starts.
>>> Event 0 >>> Simulation truth : proton (0,0,1000)
Hodoscope 1 has 1 hits.
  Hodoscope[ 7 ] 6.839302673494585 (nsec)
Hodoscope 2 has 2 hits.
  Hodoscope[ 9 ] 59.348011566027594 (nsec)
  Hodoscope[ 6 ] 146.55093112679847 (nsec)
Drift Chamber 1 has 5 hits.
  Layer[ 0 ] : time 9.154037863257752 (nsec) --- local (x,y) -2.266476680677087 , -3.107945123091324
  Layer[ 1 ] : time 11.44652138922469 (nsec) --- local (x,y) -3.5481194653013515 , -5.1675369546732455
  Layer[ 2 ] : time 13.739197838079846 (nsec) --- local (x,y) -5.3271693905447295 , -7.105505179167971
  Layer[ 3 ] : time 16.03205011190459 (nsec) --- local (x,y) -7.153976271329927 , -8.927121610622038
  Layer[ 4 ] : time 18.325147987190206 (nsec) --- local (x,y) -8.86684754779496 , -10.727901881106002
Drift Chamber 2 has 5 hits.
  Layer[ 0 ] : time 47.86746960745232 (nsec) --- local (x,y) -178.8065432404146 , -40.89465275416238
  Layer[ 1 ] : time 50.1678148086967 (nsec) --- local (x,y) -209.66343657536277 , -43.17395402411652
  Layer[ 2 ] : time 52.46814924096083 (nsec) --- local (x,y) -239.8626102811254 , -45.59544763887198
  Layer[ 3 ] : time 54.76867233584657 (nsec) --- local (x,y) -269.7718916837132 , -48.07147263762195
  Layer[ 4 ] : time 57.069497813515106 (nsec) --- local (x,y) -299.5507407431371 , -50.321965789136094
EM Calorimeter has 8 hits. Total Edep is 199.2526991601022 (MeV)
Hadron Calorimeter has 0 hits. Total Edep is 0.0 (MeV)
... write file : B5.root - done
... write file : B5ntuple.root - done
... close file : B5.root - done
... close file : B5ntuple.root - done
### Run 7 starts.
... create file : B5.root - done
... open analysis file : B5.root - done
... create file : B5ntuple.root - done
... open analysis file : B5.root - done
--> Event 0 starts.
>>> Event 0 >>> Simulation truth : pi+ (0,0,999.9999999999999)
Hodoscope 1 has 1 hits.
  Hodoscope[ 7 ] 5.035132149796374 (nsec)
Hodoscope 2 has 1 hits.
  Hodoscope[ 10 ] 43.04181325005612 (nsec)
Drift Chamber 1 has 5 hits.
  Layer[ 0 ] : time 6.735695561527081 (nsec) --- local (x,y) -1.6966619424458216 , -0.6047634049246177
  Layer[ 1 ] : time 8.41975871801888 (nsec) --- local (x,y) -3.108097951622468 , -0.9775999005271695
  Layer[ 2 ] : time 10.103827793160765 (nsec) --- local (x,y) -4.801102126512896 , -1.3218857224480671
  Layer[ 3 ] : time 11.787900840326675 (nsec) --- local (x,y) -6.602061620811965 , -1.4609845161902801
  Layer[ 4 ] : time 13.4719808575029 (nsec) --- local (x,y) -8.652579347474159 , -1.829957359364991
Drift Chamber 2 has 7 hits.
  Layer[ 0 ] : time 34.63462074910133 (nsec) --- local (x,y) -89.71399486995222 , -14.698572624476462
  Layer[ 1 ] : time 36.31938900239607 (nsec) --- local (x,y) -103.3633806165019 , -15.904065304978458
  Layer[ 2 ] : time 38.004140549078556 (nsec) --- local (x,y) -116.84227154543828 , -16.502783802231345
  Layer[ 3 ] : time 39.68888556476564 (nsec) --- local (x,y) -130.21722085806005 , -17.157913128943093
  Layer[ 4 ] : time 41.37360552660053 (nsec) --- local (x,y) -143.2448159078665 , -18.119718118169203
  Layer[ 4 ] : time 41.98364114219272 (nsec) --- local (x,y) -152.3632800253538 , -109.95532633127635
  Layer[ 4 ] : time 42.09312804736816 (nsec) --- local (x,y) -163.93940015751514 , -100.60184703035826
EM Calorimeter has 12 hits. Total Edep is 671.0081663988204 (MeV)
Hadron Calorimeter has 0 hits. Total Edep is 0.0 (MeV)
... write file : B5.root - done
... write file : B5ntuple.root - done
... close file : B5.root - done
... close file : B5ntuple.root - done
### Run 8 starts.
... create file : B5.root - done
... open analysis file : B5.root - done
... create file : B5ntuple.root - done
... open analysis file : B5.root - done
--> Event 0 starts.
>>> Event 0 >>> Simulation truth : e+ (-0,0,1000)
Hodoscope 1 has 1 hits.
  Hodoscope[ 7 ] 4.986784855738894 (nsec)
Hodoscope 2 has 1 hits.
  Hodoscope[ 9 ] 43.18471897528613 (nsec)
Drift Chamber 1 has 5 hits.
  Layer[ 0 ] : time 6.670965212844211 (nsec) --- local (x,y) 0.6897905057085963 , -1.5394720578797305
  Layer[ 1 ] : time 8.338801028664715 (nsec) --- local (x,y) 1.02587471740046 , -3.6395573918245763
  Layer[ 2 ] : time 10.006638892383235 (nsec) --- local (x,y) 1.4451278869525939 , -5.868690678161459
  Layer[ 3 ] : time 11.674475843607452 (nsec) --- local (x,y) 1.9045593050069167 , -8.02459411242591
  Layer[ 4 ] : time 13.342312186468446 (nsec) --- local (x,y) 2.358294192316061 , -10.141563587317746
Drift Chamber 2 has 5 hits.
  Layer[ 0 ] : time 34.84579415702314 (nsec) --- local (x,y) -160.4433393175077 , -32.3453494395303
  Layer[ 1 ] : time 36.51681116696531 (nsec) --- local (x,y) -191.3847595266359 , -33.67649944449536
  Layer[ 2 ] : time 38.18785842729539 (nsec) --- local (x,y) -222.47369457526702 , -34.9826393913528
  Layer[ 3 ] : time 39.85893707739474 (nsec) --- local (x,y) -253.71337669696663 , -36.30272694194781
  Layer[ 4 ] : time 41.530032295841025 (nsec) --- local (x,y) -285.03291459644765 , -37.61546203387804
EM Calorimeter has 9 hits. Total Edep is 972.9382536525916 (MeV)
Hadron Calorimeter has 0 hits. Total Edep is 0.0 (MeV)
... write file : B5.root - done
... write file : B5ntuple.root - done
... close file : B5.root - done
... close file : B5ntuple.root - done
